Looking for git in: git
Using git 2.20.1 from git
> git rev-parse --show-toplevel
> git rev-parse --git-dir
> git config --get commit.template
Open repository: /home/student
> git status -z -u
> git symbolic-ref --short HEAD
> git rev-parse master
> git rev-parse --symbolic-full-name master@{u}
> git rev-list --left-right master...refs/remotes/origin/master
> git for-each-ref --format %(refname) %(objectname) --sort -committerdate
> git remote --verbose
> git show :CSP2101/Workshop/Week3/Savepassword.sh
> git ls-files --stage -- CSP2101/Workshop/Week3/
> git check-ignore -v -z --stdin
> git show :CSP2101/Workshop/Week3/Folderlister.sh
> git ls-files --stage -- CSP2101/Workshop/Week3/
> git status -z -u
> git symbolic-ref --short HEAD
> git rev-parse master
> git rev-parse --symbolic-full-name master@{u}
> git rev-list --left-right master...refs/remotes/origin/master
> git for-each-ref --format %(refname) %(objectname) --sort -committerdate
> git remote --verbose
> git check-ignore -v -z --stdin
> git show :CSP2101/Workshop/Week3/Savepassword.sh
> git ls-files --stage -- CSP2101/Workshop/Week3/
> git status -z -u
> git symbolic-ref --short HEAD
> git rev-parse master
> git rev-parse --symbolic-full-name master@{u}
> git rev-list --left-right master...refs/remotes/origin/master
> git for-each-ref --format %(refname) %(objectname) --sort -committerdate
> git remote --verbose
> git check-ignore -v -z --stdin
> git show :CSP2101/Workshop/.vscode/launch.json
> git ls-files --stage -- CSP2101/Workshop/.vscode/
> git status -z -u
> git symbolic-ref --short HEAD
> git rev-parse master
> git rev-parse --symbolic-full-name master@{u}
> git rev-list --left-right master...refs/remotes/origin/master
> git for-each-ref --format %(refname) %(objectname) --sort -committerdate
> git remote --verbose
> git status -z -u
> git symbolic-ref --short HEAD
> git rev-parse master
> git rev-parse --symbolic-full-name master@{u}
> git rev-list --left-right master...refs/remotes/origin/master
> git for-each-ref --format %(refname) %(objectname) --sort -committerdate
> git remote --verbose
> git show :CSP2101/Workshop/Week3/Savepassword.sh
> git ls-files --stage -- CSP2101/Workshop/Week3/
> git show :CSP2101/Workshop/.vscode/launch.json
> git ls-files --stage -- CSP2101/Workshop/.vscode/
> git status -z -u
> git symbolic-ref --short HEAD
> git rev-parse master
> git rev-parse --symbolic-full-name master@{u}
> git rev-list --left-right master...refs/remotes/origin/master
> git for-each-ref --format %(refname) %(objectname) --sort -committerdate
> git remote --verbose
> git show :CSP2101/Workshop/Week3/Savepassword.sh
> git ls-files --stage -- CSP2101/Workshop/Week3/
> git show :CSP2101/Workshop/.vscode/launch.json
> git ls-files --stage -- CSP2101/Workshop/.vscode/
> git show :CSP2101/Workshop/Week3/launch.json
> git ls-files --stage -- CSP2101/Workshop/Week3/
> git check-ignore -v -z --stdin
> git status -z -u
> git symbolic-ref --short HEAD
> git rev-parse master
> git rev-parse --symbolic-full-name master@{u}
> git rev-list --left-right master...refs/remotes/origin/master
> git for-each-ref --format %(refname) %(objectname) --sort -committerdate
> git remote --verbose
> git show :CSP2101/Workshop/Week3/Savepassword.sh
> git ls-files --stage -- CSP2101/Workshop/Week3/
> git show :CSP2101/Workshop/Week3/launch.json
> git ls-files --stage -- CSP2101/Workshop/Week3/
> git show :CSP2101/Workshop/Week3/Savepassword.sh
> git ls-files --stage -- CSP2101/Workshop/Week3/
> git show :CSP2101/Workshop/Week3/launch.json
> git ls-files --stage -- CSP2101/Workshop/Week3/
> git show :CSP2101/Workshop/Week3/Savepassword.sh
> git ls-files --stage -- CSP2101/Workshop/Week3/
> git show :CSP2101/Workshop/Week3/launch.json
> git ls-files --stage -- CSP2101/Workshop/Week3/
> git show :CSP2101/Workshop/Week3/Savepassword.sh
> git ls-files --stage -- CSP2101/Workshop/Week3/
> git show :CSP2101/Workshop/Week3/launch.json
> git ls-files --stage -- CSP2101/Workshop/Week3/
> git show :CSP2101/Workshop/Week3/Savepassword.sh
> git ls-files --stage -- CSP2101/Workshop/Week3/
> git check-ignore -v -z --stdin
> git check-ignore -v -z --stdin
> git show :.gitconfig
> git check-ignore -v -z --stdin
> git check-ignore -v -z --stdin
> git show :.gitconfig
> git add -A -- .
