[2019-07-24 09:18:22.648] [sharedprocess] [info] main {"machineId":"6d614a91acd8343324fc6cd6c735869b5b4b5eafadd0ce97169ba3b9d0089b63"}
[2019-07-24 09:18:36.421] [sharedprocess] [info] Installing extension: ms-python.python
[2019-07-24 09:18:41.478] [sharedprocess] [info] Downloaded extension: ms-python.python /tmp/65308545-09ee-4113-ab4a-8c17865d1eea
[2019-07-24 09:18:45.328] [sharedprocess] [info] Installing extension: rebornix.ruby
[2019-07-24 09:18:54.221] [sharedprocess] [info] Installing extension: rogalmic.bash-debug
[2019-07-24 09:18:54.675] [sharedprocess] [info] Downloaded extension: rebornix.ruby /tmp/219312f6-0dcd-42c2-8335-e9aa2d67b860
[2019-07-24 09:18:54.951] [sharedprocess] [info] Downloaded extension: rogalmic.bash-debug /tmp/ac11657d-5d5b-47f6-bdfd-6e2f17a998dd
[2019-07-24 09:19:02.634] [sharedprocess] [info] Starting to clean up unused language packs.
[2019-07-24 09:19:03.942] [sharedprocess] [info] Extracted extension to /home/student/.vscode/extensions/.rogalmic.bash-debug-0.3.5: rogalmic.bash-debug
[2019-07-24 09:19:03.944] [sharedprocess] [info] Renamed to /home/student/.vscode/extensions/rogalmic.bash-debug-0.3.5
[2019-07-24 09:19:03.964] [sharedprocess] [info] Installation completed. rogalmic.bash-debug
[2019-07-24 09:19:04.003] [sharedprocess] [info] Extensions installed successfully: rogalmic.bash-debug
[2019-07-24 09:19:08.627] [sharedprocess] [info] Extracted extension to /home/student/.vscode/extensions/.ms-python.python-2019.6.24221: ms-python.python
[2019-07-24 09:19:08.630] [sharedprocess] [info] Renamed to /home/student/.vscode/extensions/ms-python.python-2019.6.24221
[2019-07-24 09:19:08.664] [sharedprocess] [info] Installation completed. ms-python.python
[2019-07-24 09:19:08.811] [sharedprocess] [info] Extensions installed successfully: ms-python.python
[2019-07-24 09:20:42.329] [sharedprocess] [info] Extracted extension to /home/student/.vscode/extensions/.rebornix.ruby-0.24.2: rebornix.ruby
[2019-07-24 09:20:42.364] [sharedprocess] [info] Renamed to /home/student/.vscode/extensions/rebornix.ruby-0.24.2
[2019-07-24 09:20:42.379] [sharedprocess] [info] Installation completed. rebornix.ruby
[2019-07-24 09:20:42.408] [sharedprocess] [info] Extensions installed successfully: rebornix.ruby
